<?xml version="1.0" encoding="UTF-8"?>
<testng-results ignored="0" total="3" passed="3" failed="0" skipped="0">
  <reporter-output>
  </reporter-output>
  <suite started-at="2023-04-02T00:03:42 CEST" name="Suite" finished-at="2023-04-02T00:04:39 CEST" duration-ms="56455">
    <groups>
    </groups>
    <test started-at="2023-04-02T00:03:42 CEST" name="TestOnChrome" finished-at="2023-04-02T00:04:20 CEST" duration-ms="37694">
      <class name="test.TestNGMultiBrowserDemo">
        <test-method is-config="true" signature="setup(java.lang.String)[pri:0, instance:test.TestNGMultiBrowserDemo@619713e5]" started-at="2023-04-02T00:03:42 CEST" name="setup" finished-at="2023-04-02T00:04:11 CEST" duration-ms="28515" status="PASS">
          <params>
            <param index="0">
              <value>
                <![CDATA[chrome]]>
              </value>
            </param>
          </params>
          <reporter-output>
          </reporter-output>
        </test-method> <!-- setup -->
        <test-method signature="login()[pri:0, instance:test.TestNGMultiBrowserDemo@619713e5]" started-at="2023-04-02T00:04:11 CEST" name="login" finished-at="2023-04-02T00:04:18 CEST" duration-ms="7596" status="PASS">
          <reporter-output>
          </reporter-output>
        </test-method> <!-- login -->
        <test-method is-config="true" signature="tearDown()[pri:0, instance:test.TestNGMultiBrowserDemo@619713e5]" started-at="2023-04-02T00:04:18 CEST" name="tearDown" finished-at="2023-04-02T00:04:20 CEST" duration-ms="1522" status="PASS">
          <reporter-output>
          </reporter-output>
        </test-method> <!-- tearDown -->
      </class> <!-- test.TestNGMultiBrowserDemo -->
    </test> <!-- TestOnChrome -->
    <test started-at="2023-04-02T00:03:42 CEST" name="TestOnEdge" finished-at="2023-04-02T00:04:29 CEST" duration-ms="47042">
      <class name="test.TestNGMultiBrowserDemo">
        <test-method is-config="true" signature="setup(java.lang.String)[pri:0, instance:test.TestNGMultiBrowserDemo@32eff876]" started-at="2023-04-02T00:03:42 CEST" name="setup" finished-at="2023-04-02T00:04:22 CEST" duration-ms="40225" status="PASS">
          <params>
            <param index="0">
              <value>
                <![CDATA[edge]]>
              </value>
            </param>
          </params>
          <reporter-output>
          </reporter-output>
        </test-method> <!-- setup -->
        <test-method signature="login()[pri:0, instance:test.TestNGMultiBrowserDemo@32eff876]" started-at="2023-04-02T00:04:22 CEST" name="login" finished-at="2023-04-02T00:04:28 CEST" duration-ms="5683" status="PASS">
          <reporter-output>
          </reporter-output>
        </test-method> <!-- login -->
        <test-method is-config="true" signature="tearDown()[pri:0, instance:test.TestNGMultiBrowserDemo@32eff876]" started-at="2023-04-02T00:04:28 CEST" name="tearDown" finished-at="2023-04-02T00:04:29 CEST" duration-ms="1126" status="PASS">
          <reporter-output>
          </reporter-output>
        </test-method> <!-- tearDown -->
      </class> <!-- test.TestNGMultiBrowserDemo -->
    </test> <!-- TestOnEdge -->
    <test started-at="2023-04-02T00:03:42 CEST" name="TestOnFirefox" finished-at="2023-04-02T00:04:39 CEST" duration-ms="56455">
      <class name="test.TestNGMultiBrowserDemo">
        <test-method is-config="true" signature="setup(java.lang.String)[pri:0, instance:test.TestNGMultiBrowserDemo@62150f9e]" started-at="2023-04-02T00:03:42 CEST" name="setup" finished-at="2023-04-02T00:04:31 CEST" duration-ms="49071" status="PASS">
          <params>
            <param index="0">
              <value>
                <![CDATA[firefox]]>
              </value>
            </param>
          </params>
          <reporter-output>
          </reporter-output>
        </test-method> <!-- setup -->
        <test-method signature="login()[pri:0, instance:test.TestNGMultiBrowserDemo@62150f9e]" started-at="2023-04-02T00:04:31 CEST" name="login" finished-at="2023-04-02T00:04:36 CEST" duration-ms="5187" status="PASS">
          <reporter-output>
          </reporter-output>
        </test-method> <!-- login -->
        <test-method is-config="true" signature="tearDown()[pri:0, instance:test.TestNGMultiBrowserDemo@62150f9e]" started-at="2023-04-02T00:04:36 CEST" name="tearDown" finished-at="2023-04-02T00:04:39 CEST" duration-ms="2186" status="PASS">
          <reporter-output>
          </reporter-output>
        </test-method> <!-- tearDown -->
      </class> <!-- test.TestNGMultiBrowserDemo -->
    </test> <!-- TestOnFirefox -->
  </suite> <!-- Suite -->
</testng-results>
